<?xml version="1.0"?>
<testsuites>
  <testsuite name="PhantomJS 1.9.7 (Mac OS X)" package="" timestamp="2014-04-15T17:15:17" id="0" hostname="ITs-iMac-6.local" tests="2" errors="0" failures="0" time="0.001">
    <properties>
      <property name="browser.fullName" value="Mozilla/5.0 (Macintosh; Intel Mac OS X) AppleWebKit/534.34 (KHTML, like Gecko) PhantomJS/1.9.7 Safari/534.34"/>
    </properties>
    <testcase name="clicking &apos;send email&apos; gets the email address input into the form" time="0.001" classname="PhantomJS 1.9.7 (Mac OS X).Template_adminEmailNewMember [click #send_email] event"/>
    <testcase name="clicking &apos;create group&apos; " time="0" classname="PhantomJS 1.9.7 (Mac OS X).Template_adminHome [click #groupCreate] event"/>
    <system-out><![CDATA[
]]></system-out>
    <system-err/>
  </testsuite>
</testsuites>
